{
  "stats": {
    "suites": 1,
    "tests": 6,
    "passes": 6,
    "pending": 0,
    "failures": 0,
    "start": "2022-08-29T01:28:00.062Z",
    "end": "2022-08-29T01:28:00.535Z",
    "duration": 473,
    "testsRegistered": 6,
    "passPercent": 100,
    "pendingPercent": 0,
    "other": 0,
    "hasOther": false,
    "skipped": 0,
    "hasSkipped": false
  },
  "results": [
    {
      "uuid": "ef97adba-5643-4fe7-b0f6-d3b8e3783a78",
      "title": "",
      "fullFile": "cypress\\e2e\\exercicio-api.cy.js",
      "file": "cypress\\e2e\\exercicio-api.cy.js",
      "beforeHooks": [],
      "afterHooks": [],
      "tests": [],
      "suites": [
        {
          "uuid": "298065e0-6ef0-49fb-a6ae-1f1a39cf4410",
          "title": "Testes da Funcionalidade Usuários",
          "fullFile": "",
          "file": "",
          "beforeHooks": [],
          "afterHooks": [],
          "tests": [
            {
              "title": "Deve validar contrato de usuários",
              "fullTitle": "Testes da Funcionalidade Usuários Deve validar contrato de usuários",
              "timedOut": null,
              "duration": 135,
              "state": "passed",
              "speed": "fast",
              "pass": true,
              "fail": false,
              "pending": false,
              "context": null,
              "code": "cy.request(\"usuarios\").then(response => {\n  return _usuarios.default.validateAsync(response.body);\n});",
              "err": {},
              "uuid": "591543a3-7bc8-490e-af14-e44ccdca5fce",
              "parentUUID": "298065e0-6ef0-49fb-a6ae-1f1a39cf4410",
              "isHook": false,
              "skipped": false
            },
            {
              "title": "Deve listar usuários cadastrados",
              "fullTitle": "Testes da Funcionalidade Usuários Deve listar usuários cadastrados",
              "timedOut": null,
              "duration": 38,
              "state": "passed",
              "speed": "fast",
              "pass": true,
              "fail": false,
              "pending": false,
              "context": null,
              "code": "cy.request({\n  method: \"GET\",\n  url: \"usuarios\"\n});",
              "err": {},
              "uuid": "86a56c5f-65f8-4617-8627-6b4a003aa7dc",
              "parentUUID": "298065e0-6ef0-49fb-a6ae-1f1a39cf4410",
              "isHook": false,
              "skipped": false
            },
            {
              "title": "Deve cadastrar um usuário com sucesso",
              "fullTitle": "Testes da Funcionalidade Usuários Deve cadastrar um usuário com sucesso",
              "timedOut": null,
              "duration": 48,
              "state": "passed",
              "speed": "fast",
              "pass": true,
              "fail": false,
              "pending": false,
              "context": null,
              "code": "let nomeFake = _faker.faker.name.firstName();\nlet emailFake = _faker.faker.internet.email();\nlet senhaFake = _faker.faker.internet.password();\ncy.request({\n  method: \"POST\",\n  url: \"usuarios\",\n  body: {\n    nome: nomeFake,\n    email: emailFake,\n    password: senhaFake,\n    administrador: \"false\"\n  },\n  headers: {\n    authorization: token\n  }\n}).then(response => {\n  expect(response.status).to.equal(201);\n  expect(response.body.message).to.equal(\"Cadastro realizado com sucesso\");\n  expect(response.body).to.not.be.null;\n});",
              "err": {},
              "uuid": "98b0ca34-c9a0-4107-8005-26f67b70a44a",
              "parentUUID": "298065e0-6ef0-49fb-a6ae-1f1a39cf4410",
              "isHook": false,
              "skipped": false
            },
            {
              "title": "Deve validar um usuário com email inválido",
              "fullTitle": "Testes da Funcionalidade Usuários Deve validar um usuário com email inválido",
              "timedOut": null,
              "duration": 38,
              "state": "passed",
              "speed": "fast",
              "pass": true,
              "fail": false,
              "pending": false,
              "context": null,
              "code": "cy.request({\n  method: \"POST\",\n  url: \"usuarios\",\n  body: {\n    nome: \"Zé\",\n    email: \"emailinvalido.com\",\n    password: \"senha\",\n    administrador: \"false\"\n  },\n  headers: {\n    authorization: token\n  },\n  failOnStatusCode: false\n}).then(response => {\n  expect(response.status).to.equal(400);\n  expect(response.body.email).to.equal(\"email deve ser um email válido\");\n  expect(response.body).to.not.be.null;\n});",
              "err": {},
              "uuid": "63739a5d-8fca-42aa-b961-8e3d4c9ca997",
              "parentUUID": "298065e0-6ef0-49fb-a6ae-1f1a39cf4410",
              "isHook": false,
              "skipped": false
            },
            {
              "title": "Deve editar um usuário previamente cadastrado",
              "fullTitle": "Testes da Funcionalidade Usuários Deve editar um usuário previamente cadastrado",
              "timedOut": null,
              "duration": 50,
              "state": "passed",
              "speed": "fast",
              "pass": true,
              "fail": false,
              "pending": false,
              "context": null,
              "code": "let usuario = `José ${Math.floor(Math.random() * 1000000)}`;\nlet emailFake = _faker.faker.internet.email();\ncy.cadastrarUsuario(token, usuario, emailFake, \"senha@forte123\", \"false\").then(response => {\n  let id = response.body._id;\n  cy.request({\n    method: \"PUT\",\n    url: `usuarios/${id}`,\n    headers: {\n      authorization: token\n    },\n    body: {\n      nome: usuario,\n      email: emailFake,\n      password: \"teste\",\n      administrador: \"false\"\n    }\n  }).then(response => {\n    expect(response.status).to.equal(200);\n    expect(response.body.message).to.equal(\"Registro alterado com sucesso\");\n  });\n});",
              "err": {},
              "uuid": "4c439598-287a-41a0-bd4a-e1ad212226c9",
              "parentUUID": "298065e0-6ef0-49fb-a6ae-1f1a39cf4410",
              "isHook": false,
              "skipped": false
            },
            {
              "title": "Deve deletar um usuário previamente cadastrado",
              "fullTitle": "Testes da Funcionalidade Usuários Deve deletar um usuário previamente cadastrado",
              "timedOut": null,
              "duration": 72,
              "state": "passed",
              "speed": "fast",
              "pass": true,
              "fail": false,
              "pending": false,
              "context": null,
              "code": "let usuario = `José ${Math.floor(Math.random() * 1000000)}`;\nlet emailFake = _faker.faker.internet.email();\ncy.cadastrarUsuario(token, usuario, emailFake, \"senha@forte123\", \"false\").then(response => {\n  let id = response.body._id;\n  cy.request({\n    method: \"DELETE\",\n    url: `usuarios/${id}`,\n    headers: {\n      authorization: token\n    }\n  }).then(response => {\n    expect(response.status).to.equal(200);\n    expect(response.body.message).to.equal(\"Registro excluído com sucesso\");\n  });\n});",
              "err": {},
              "uuid": "86845b78-67c1-4e6c-8fe2-a62af645dfa9",
              "parentUUID": "298065e0-6ef0-49fb-a6ae-1f1a39cf4410",
              "isHook": false,
              "skipped": false
            }
          ],
          "suites": [],
          "passes": [
            "591543a3-7bc8-490e-af14-e44ccdca5fce",
            "86a56c5f-65f8-4617-8627-6b4a003aa7dc",
            "98b0ca34-c9a0-4107-8005-26f67b70a44a",
            "63739a5d-8fca-42aa-b961-8e3d4c9ca997",
            "4c439598-287a-41a0-bd4a-e1ad212226c9",
            "86845b78-67c1-4e6c-8fe2-a62af645dfa9"
          ],
          "failures": [],
          "pending": [],
          "skipped": [],
          "duration": 381,
          "root": false,
          "rootEmpty": false,
          "_timeout": 2000
        }
      ],
      "passes": [],
      "failures": [],
      "pending": [],
      "skipped": [],
      "duration": 0,
      "root": true,
      "rootEmpty": true,
      "_timeout": 2000
    }
  ],
  "meta": {
    "mocha": {
      "version": "7.0.1"
    },
    "mochawesome": {
      "options": {
        "quiet": false,
        "reportFilename": "mochawesome",
        "saveHtml": false,
        "saveJson": true,
        "consoleReporter": "spec",
        "useInlineDiffs": false,
        "code": true
      },
      "version": "7.1.3"
    },
    "marge": {
      "options": {
        "reportDir": "mochawesome-report",
        "overwrite": false,
        "html": false,
        "json": true
      },
      "version": "6.2.0"
    }
  }
}