{
  "stats": {
    "suites": 4,
    "tests": 14,
    "passes": 14,
    "pending": 0,
    "failures": 0,
    "start": "2022-08-28T09:19:56.475Z",
    "end": "2022-08-29T00:32:07.904Z",
    "duration": 1159,
    "testsRegistered": 14,
    "passPercent": 100,
    "pendingPercent": 0,
    "other": 0,
    "hasOther": false,
    "skipped": 0,
    "hasSkipped": false
  },
  "results": [
    {
      "uuid": "6a0bb101-b0d1-46e4-ab2b-b31fbb3642d7",
      "title": "",
      "fullFile": "cypress\\e2e\\produtos.cy.js",
      "file": "cypress\\e2e\\produtos.cy.js",
      "beforeHooks": [],
      "afterHooks": [],
      "tests": [],
      "suites": [
        {
          "uuid": "fbf55d43-d6b8-4ca6-8f89-8f4d51af913c",
          "title": "Teste de funcionalidade produtos",
          "fullFile": "",
          "file": "",
          "beforeHooks": [],
          "afterHooks": [],
          "tests": [
            {
              "title": "Listar produtos",
              "fullTitle": "Teste de funcionalidade produtos Listar produtos",
              "timedOut": null,
              "duration": 113,
              "state": "passed",
              "speed": "fast",
              "pass": true,
              "fail": false,
              "pending": false,
              "context": null,
              "code": "cy.request({\n  method: \"GET\",\n  url: \"produtos\"\n});",
              "err": {},
              "uuid": "481f4965-4055-46e9-bebf-bffb02acb27f",
              "parentUUID": "fbf55d43-d6b8-4ca6-8f89-8f4d51af913c",
              "isHook": false,
              "skipped": false
            },
            {
              "title": "Deve validar uma mensagem de erro ao tentar cadastrar um memso produto",
              "fullTitle": "Teste de funcionalidade produtos Deve validar uma mensagem de erro ao tentar cadastrar um memso produto",
              "timedOut": null,
              "duration": 31,
              "state": "passed",
              "speed": "fast",
              "pass": true,
              "fail": false,
              "pending": false,
              "context": null,
              "code": "cy.cadastrarProduto(token, \"Videogame\", 100, \"Descricao\", 200).then(response => {\n  expect(response.status).to.equals(400);\n  expect(response.body.message).to.equals(\"Já existe produto com esse nome\");\n});",
              "err": {},
              "uuid": "855116c3-b016-4000-a5dc-39c9a10de706",
              "parentUUID": "fbf55d43-d6b8-4ca6-8f89-8f4d51af913c",
              "isHook": false,
              "skipped": false
            },
            {
              "title": "Cadastrar um produto",
              "fullTitle": "Teste de funcionalidade produtos Cadastrar um produto",
              "timedOut": null,
              "duration": 48,
              "state": "passed",
              "speed": "fast",
              "pass": true,
              "fail": false,
              "pending": false,
              "context": null,
              "code": "let produtoFake = faker.random.word();\nlet precoFake = faker.commerce.price(100, 1000, 0);\nlet descricaoFake = faker.commerce.productDescription();\nlet quantidadeFake = faker.random.numeric(4);\ncy.request({\n  method: \"POST\",\n  url: \"produtos\",\n  body: {\n    nome: produtoFake,\n    preco: precoFake,\n    descricao: descricaoFake,\n    quantidade: quantidadeFake\n  },\n  headers: {\n    authorization: token\n  }\n}).then(response => {\n  expect(response.status).to.equals(201);\n  expect(response.body.message).to.equals(\"Cadastro realizado com sucesso\");\n});",
              "err": {},
              "uuid": "4082bf32-73fa-42f0-becd-e63af4949698",
              "parentUUID": "fbf55d43-d6b8-4ca6-8f89-8f4d51af913c",
              "isHook": false,
              "skipped": false
            },
            {
              "title": "Deve fazer a edição de um determinado produto cadastrado",
              "fullTitle": "Teste de funcionalidade produtos Deve fazer a edição de um determinado produto cadastrado",
              "timedOut": null,
              "duration": 62,
              "state": "passed",
              "speed": "fast",
              "pass": true,
              "fail": false,
              "pending": false,
              "context": null,
              "code": "cy.request(\"produtos\").then(response => {\n  let id = response.body.produtos[5]._id;\n  cy.request({\n    method: \"PUT\",\n    url: `produtos/${id}`,\n    headers: {\n      authorization: token\n    },\n    body: {\n      nome: \"Novo nome v9\",\n      preco: 470,\n      descricao: \"Nova descrição do produto\",\n      quantidade: 381\n    }\n  }).then(response => {\n    expect(response.status).to.equals(200);\n    expect(response.body.message).to.have.string(\"Registro alterado com sucesso\");\n  });\n});",
              "err": {},
              "uuid": "0ec1196e-e231-48ce-baea-477e5b8709c3",
              "parentUUID": "fbf55d43-d6b8-4ca6-8f89-8f4d51af913c",
              "isHook": false,
              "skipped": false
            },
            {
              "title": "Deve fazer edição de um produto previamente cadastrado",
              "fullTitle": "Teste de funcionalidade produtos Deve fazer edição de um produto previamente cadastrado",
              "timedOut": null,
              "duration": 62,
              "state": "passed",
              "speed": "fast",
              "pass": true,
              "fail": false,
              "pending": false,
              "context": null,
              "code": "cy.cadastrarProduto(token, \"Novo nome 100\", 500, \"Nova descrição\", 400).then(response => {\n  let id = response.body._id;\n  let produto = Math.floor(Math.random() * 1000000);\n  cy.request({\n    method: \"PUT\",\n    url: `produtos/${id}`,\n    headers: {\n      authorization: token\n    },\n    body: {\n      nome: `Novo Produto ${produto}`,\n      preco: 470,\n      descricao: \"Nova descrição do produto Brasil\",\n      quantidade: 381\n    }\n  }).then(response => {\n    expect(response.status).to.equals(200);\n    expect(response.body.message).to.have.string(\"Registro alterado com sucesso\");\n  });\n});",
              "err": {},
              "uuid": "ee0922a0-56b9-43c6-a245-e168d79b55c4",
              "parentUUID": "fbf55d43-d6b8-4ca6-8f89-8f4d51af913c",
              "isHook": false,
              "skipped": false
            },
            {
              "title": "Deve deletar um produto cadastrado",
              "fullTitle": "Teste de funcionalidade produtos Deve deletar um produto cadastrado",
              "timedOut": null,
              "duration": 58,
              "state": "passed",
              "speed": "fast",
              "pass": true,
              "fail": false,
              "pending": false,
              "context": null,
              "code": "let produdo = `Produto EBAC ${Math.floor(Math.random() * 10000)}`;\ncy.cadastrarProduto(token, produdo, 100, \"Descrição do produto novo\", 1000).then(response => {\n  let id = response.body._id;\n  cy.request({\n    method: 'DELETE',\n    url: `produtos/${id}`,\n    headers: {\n      authorization: token\n    }\n  }).then(response => {\n    expect(response.body.message).to.equal('Registro excluído com sucesso');\n    expect(response.status).to.equal(200);\n  });\n});",
              "err": {},
              "uuid": "65d5bdd6-ff41-4835-b50d-89d15bea1ab2",
              "parentUUID": "fbf55d43-d6b8-4ca6-8f89-8f4d51af913c",
              "isHook": false,
              "skipped": false
            }
          ],
          "suites": [],
          "passes": [
            "481f4965-4055-46e9-bebf-bffb02acb27f",
            "855116c3-b016-4000-a5dc-39c9a10de706",
            "4082bf32-73fa-42f0-becd-e63af4949698",
            "0ec1196e-e231-48ce-baea-477e5b8709c3",
            "ee0922a0-56b9-43c6-a245-e168d79b55c4",
            "65d5bdd6-ff41-4835-b50d-89d15bea1ab2"
          ],
          "failures": [],
          "pending": [],
          "skipped": [],
          "duration": 374,
          "root": false,
          "rootEmpty": false,
          "_timeout": 2000
        }
      ],
      "passes": [],
      "failures": [],
      "pending": [],
      "skipped": [],
      "duration": 0,
      "root": true,
      "rootEmpty": true,
      "_timeout": 2000
    },
    {
      "uuid": "93c99412-fdb5-4390-93c0-9a1974ca0384",
      "title": "",
      "fullFile": "cypress\\e2e\\exercicio-api.cy.js",
      "file": "cypress\\e2e\\exercicio-api.cy.js",
      "beforeHooks": [],
      "afterHooks": [],
      "tests": [],
      "suites": [
        {
          "uuid": "b57b9595-3149-4139-8706-e5519b2e4e0e",
          "title": "Testes da Funcionalidade Usuários",
          "fullFile": "",
          "file": "",
          "beforeHooks": [],
          "afterHooks": [],
          "tests": [
            {
              "title": "Deve validar contrato de usuários",
              "fullTitle": "Testes da Funcionalidade Usuários Deve validar contrato de usuários",
              "timedOut": null,
              "duration": 135,
              "state": "passed",
              "speed": "fast",
              "pass": true,
              "fail": false,
              "pending": false,
              "context": null,
              "code": "cy.request(\"usuarios\").then(response => {\n  return _usuarios.default.validateAsync(response.body);\n});",
              "err": {},
              "uuid": "4e611a97-739f-4ff5-b6c1-e73d71b1dda9",
              "parentUUID": "b57b9595-3149-4139-8706-e5519b2e4e0e",
              "isHook": false,
              "skipped": false
            },
            {
              "title": "Deve listar usuários cadastrados",
              "fullTitle": "Testes da Funcionalidade Usuários Deve listar usuários cadastrados",
              "timedOut": null,
              "duration": 21,
              "state": "passed",
              "speed": "fast",
              "pass": true,
              "fail": false,
              "pending": false,
              "context": null,
              "code": "cy.request({\n  method: \"GET\",\n  url: \"usuarios\"\n});",
              "err": {},
              "uuid": "034596c0-b7f6-49b1-9c3a-87697efdc2b8",
              "parentUUID": "b57b9595-3149-4139-8706-e5519b2e4e0e",
              "isHook": false,
              "skipped": false
            },
            {
              "title": "Deve cadastrar um usuário com sucesso",
              "fullTitle": "Testes da Funcionalidade Usuários Deve cadastrar um usuário com sucesso",
              "timedOut": null,
              "duration": 33,
              "state": "passed",
              "speed": "fast",
              "pass": true,
              "fail": false,
              "pending": false,
              "context": null,
              "code": "let nomeFake = _faker.faker.name.firstName();\nlet emailFake = _faker.faker.internet.email();\nlet senhaFake = _faker.faker.internet.password();\ncy.request({\n  method: \"POST\",\n  url: \"usuarios\",\n  body: {\n    nome: nomeFake,\n    email: emailFake,\n    password: senhaFake,\n    administrador: \"false\"\n  },\n  headers: {\n    authorization: token\n  }\n}).then(response => {\n  expect(response.status).to.equal(201);\n  expect(response.body.message).to.equal(\"Cadastro realizado com sucesso\");\n  expect(response.body).to.not.be.null;\n});",
              "err": {},
              "uuid": "47198d16-a923-4f90-bf53-b6dcc5f42025",
              "parentUUID": "b57b9595-3149-4139-8706-e5519b2e4e0e",
              "isHook": false,
              "skipped": false
            },
            {
              "title": "Deve validar um usuário com email inválido",
              "fullTitle": "Testes da Funcionalidade Usuários Deve validar um usuário com email inválido",
              "timedOut": null,
              "duration": 34,
              "state": "passed",
              "speed": "fast",
              "pass": true,
              "fail": false,
              "pending": false,
              "context": null,
              "code": "cy.request({\n  method: \"POST\",\n  url: \"usuarios\",\n  body: {\n    nome: \"Zé\",\n    email: \"emailinvalido.com\",\n    password: \"senha\",\n    administrador: \"false\"\n  },\n  headers: {\n    authorization: token\n  },\n  failOnStatusCode: false\n}).then(response => {\n  expect(response.status).to.equal(400);\n  expect(response.body.email).to.equal(\"email deve ser um email válido\");\n  expect(response.body).to.not.be.null;\n});",
              "err": {},
              "uuid": "82ff0958-9f62-4b10-8df3-b1dd67d620aa",
              "parentUUID": "b57b9595-3149-4139-8706-e5519b2e4e0e",
              "isHook": false,
              "skipped": false
            },
            {
              "title": "Deve editar um usuário previamente cadastrado",
              "fullTitle": "Testes da Funcionalidade Usuários Deve editar um usuário previamente cadastrado",
              "timedOut": null,
              "duration": 64,
              "state": "passed",
              "speed": "fast",
              "pass": true,
              "fail": false,
              "pending": false,
              "context": null,
              "code": "let usuario = `José ${Math.floor(Math.random() * 1000000)}`;\nlet emailFake = _faker.faker.internet.email();\ncy.cadastrarUsuario(token, usuario, emailFake, \"senha@forte123\", \"false\").then(response => {\n  let id = response.body._id;\n  cy.request({\n    method: \"PUT\",\n    url: `usuarios/${id}`,\n    headers: {\n      authorization: token\n    },\n    body: {\n      nome: usuario,\n      email: emailFake,\n      password: \"teste\",\n      administrador: \"false\"\n    }\n  }).then(response => {\n    expect(response.status).to.equal(200);\n    expect(response.body.message).to.equal(\"Registro alterado com sucesso\");\n  });\n});",
              "err": {},
              "uuid": "e9ae3248-5971-44bc-84d6-10d98c88694d",
              "parentUUID": "b57b9595-3149-4139-8706-e5519b2e4e0e",
              "isHook": false,
              "skipped": false
            },
            {
              "title": "Deve deletar um usuário previamente cadastrado",
              "fullTitle": "Testes da Funcionalidade Usuários Deve deletar um usuário previamente cadastrado",
              "timedOut": null,
              "duration": 42,
              "state": "passed",
              "speed": "fast",
              "pass": true,
              "fail": false,
              "pending": false,
              "context": null,
              "code": "let usuario = `José ${Math.floor(Math.random() * 1000000)}`;\nlet emailFake = _faker.faker.internet.email();\ncy.cadastrarUsuario(token, usuario, emailFake, \"senha@forte123\", \"false\").then(response => {\n  let id = response.body._id;\n  cy.request({\n    method: \"DELETE\",\n    url: `usuarios/${id}`,\n    headers: {\n      authorization: token\n    }\n  }).then(response => {\n    expect(response.status).to.equal(200);\n    expect(response.body.message).to.equal(\"Registro excluído com sucesso\");\n  });\n});",
              "err": {},
              "uuid": "c26fc899-ea02-4d9a-a37d-f3e29f10ced5",
              "parentUUID": "b57b9595-3149-4139-8706-e5519b2e4e0e",
              "isHook": false,
              "skipped": false
            }
          ],
          "suites": [],
          "passes": [
            "4e611a97-739f-4ff5-b6c1-e73d71b1dda9",
            "034596c0-b7f6-49b1-9c3a-87697efdc2b8",
            "47198d16-a923-4f90-bf53-b6dcc5f42025",
            "82ff0958-9f62-4b10-8df3-b1dd67d620aa",
            "e9ae3248-5971-44bc-84d6-10d98c88694d",
            "c26fc899-ea02-4d9a-a37d-f3e29f10ced5"
          ],
          "failures": [],
          "pending": [],
          "skipped": [],
          "duration": 329,
          "root": false,
          "rootEmpty": false,
          "_timeout": 2000
        }
      ],
      "passes": [],
      "failures": [],
      "pending": [],
      "skipped": [],
      "duration": 0,
      "root": true,
      "rootEmpty": true,
      "_timeout": 2000
    },
    {
      "uuid": "82e22fc6-4fe6-4a5b-90ce-c8018641f41b",
      "title": "",
      "fullFile": "cypress\\e2e\\login.cy.js",
      "file": "cypress\\e2e\\login.cy.js",
      "beforeHooks": [],
      "afterHooks": [],
      "tests": [],
      "suites": [
        {
          "uuid": "e6c65ed0-8ad6-4470-a87a-fb8a7983d3b6",
          "title": "Teste de API - ServeRest",
          "fullFile": "",
          "file": "",
          "beforeHooks": [],
          "afterHooks": [],
          "tests": [
            {
              "title": "Deve fazer login com sucesso",
              "fullTitle": "Teste de API - ServeRest Deve fazer login com sucesso",
              "timedOut": null,
              "duration": 98,
              "state": "passed",
              "speed": "fast",
              "pass": true,
              "fail": false,
              "pending": false,
              "context": null,
              "code": "cy.request({\n  method: 'POST',\n  url: 'http://localhost:3000/login',\n  body: {\n    \"email\": \"fulano@qa.com\",\n    \"password\": \"teste\"\n  }\n}).then(response => {\n  expect(response.status).to.equals(200);\n  expect(response.body.message).to.equals('Login realizado com sucesso');\n  cy.log(response.body.authorization);\n});",
              "err": {},
              "uuid": "50adc0c7-c866-4ecb-930a-ffa138f48c9d",
              "parentUUID": "e6c65ed0-8ad6-4470-a87a-fb8a7983d3b6",
              "isHook": false,
              "skipped": false
            }
          ],
          "suites": [],
          "passes": [
            "50adc0c7-c866-4ecb-930a-ffa138f48c9d"
          ],
          "failures": [],
          "pending": [],
          "skipped": [],
          "duration": 98,
          "root": false,
          "rootEmpty": false,
          "_timeout": 2000
        }
      ],
      "passes": [],
      "failures": [],
      "pending": [],
      "skipped": [],
      "duration": 0,
      "root": true,
      "rootEmpty": true,
      "_timeout": 2000
    },
    {
      "uuid": "af5a948a-358e-40bd-b555-8b9d63f51497",
      "title": "",
      "fullFile": "cypress\\e2e\\login.cy.js",
      "file": "cypress\\e2e\\login.cy.js",
      "beforeHooks": [],
      "afterHooks": [],
      "tests": [],
      "suites": [
        {
          "uuid": "86d174e9-4246-4b42-aa6e-6cc2d51498dc",
          "title": "Teste de API - ServeRest",
          "fullFile": "",
          "file": "",
          "beforeHooks": [],
          "afterHooks": [],
          "tests": [
            {
              "title": "Deve fazer login com sucesso",
              "fullTitle": "Teste de API - ServeRest Deve fazer login com sucesso",
              "timedOut": null,
              "duration": 358,
              "state": "passed",
              "speed": "fast",
              "pass": true,
              "fail": false,
              "pending": false,
              "context": null,
              "code": "cy.request({\n  method: 'POST',\n  url: 'http://localhost:3000/login',\n  body: {\n    \"email\": \"fulano@qa.com\",\n    \"password\": \"teste\"\n  }\n}).then(response => {\n  expect(response.status).to.equals(200);\n  expect(response.body.message).to.equals('Login realizado com sucesso');\n  cy.log(response.body.authorization);\n});",
              "err": {},
              "uuid": "b413bffd-4928-44d2-875e-0657db749807",
              "parentUUID": "86d174e9-4246-4b42-aa6e-6cc2d51498dc",
              "isHook": false,
              "skipped": false
            }
          ],
          "suites": [],
          "passes": [
            "b413bffd-4928-44d2-875e-0657db749807"
          ],
          "failures": [],
          "pending": [],
          "skipped": [],
          "duration": 358,
          "root": false,
          "rootEmpty": false,
          "_timeout": 2000
        }
      ],
      "passes": [],
      "failures": [],
      "pending": [],
      "skipped": [],
      "duration": 0,
      "root": true,
      "rootEmpty": true,
      "_timeout": 2000
    }
  ],
  "meta": {
    "mocha": {
      "version": "7.0.1"
    },
    "mochawesome": {
      "options": {
        "quiet": false,
        "reportFilename": "mochawesome",
        "saveHtml": false,
        "saveJson": true,
        "consoleReporter": "spec",
        "useInlineDiffs": false,
        "code": true
      },
      "version": "7.1.3"
    },
    "marge": {
      "options": {
        "reportDir": "mochawesome-report",
        "overwrite": false,
        "html": false,
        "json": true
      },
      "version": "6.2.0"
    }
  }
}